TN:
SF:/Users/william/Documents/PROGRAMMING/NODE/mysql_nodejs copy/app.js
FN:11,(anonymous_0)
FNF:1
FNH:1
FNDA:7,(anonymous_0)
DA:1,1
DA:2,1
DA:3,1
DA:8,1
DA:9,1
DA:11,1
DA:12,7
DA:13,7
DA:14,7
DA:15,7
DA:18,1
DA:20,1
DA:21,1
DA:23,1
LF:14
LH:14
BRF:0
BRH:0
end_of_record
TN:
SF:/Users/william/Documents/PROGRAMMING/NODE/mysql_nodejs copy/app/controller/comment.js
FN:4,(anonymous_0)
FN:16,(anonymous_1)
FN:26,(anonymous_2)
FN:28,(anonymous_3)
FN:39,(anonymous_4)
FN:41,(anonymous_5)
FN:50,(anonymous_6)
FN:51,(anonymous_7)
FNF:8
FNH:8
FNDA:1,(anonymous_0)
FNDA:1,(anonymous_1)
FNDA:1,(anonymous_2)
FNDA:1,(anonymous_3)
FNDA:1,(anonymous_4)
FNDA:1,(anonymous_5)
FNDA:1,(anonymous_6)
FNDA:1,(anonymous_7)
DA:1,1
DA:4,1
DA:6,1
DA:8,1
DA:9,1
DA:10,0
DA:16,1
DA:17,1
DA:18,0
DA:20,1
DA:26,1
DA:27,1
DA:28,1
DA:29,1
DA:30,0
DA:32,1
DA:39,1
DA:40,1
DA:41,1
DA:42,1
DA:43,0
DA:45,1
DA:50,1
DA:51,1
DA:52,1
DA:53,0
DA:54,1
LF:27
LH:22
BRDA:9,0,0,0
BRDA:9,0,1,1
BRDA:9,1,0,1
BRDA:9,1,1,1
BRDA:17,2,0,0
BRDA:17,2,1,1
BRDA:29,3,0,0
BRDA:29,3,1,1
BRDA:42,4,0,0
BRDA:42,4,1,1
BRDA:52,5,0,0
BRDA:52,5,1,1
BRF:12
BRH:7
end_of_record
TN:
SF:/Users/william/Documents/PROGRAMMING/NODE/mysql_nodejs copy/app/controller/user.js
FN:4,(anonymous_0)
FN:16,(anonymous_1)
FN:26,(anonymous_2)
FN:27,(anonymous_3)
FN:35,(anonymous_4)
FN:36,(anonymous_5)
FNF:6
FNH:6
FNDA:1,(anonymous_0)
FNDA:1,(anonymous_1)
FNDA:1,(anonymous_2)
FNDA:1,(anonymous_3)
FNDA:1,(anonymous_4)
FNDA:1,(anonymous_5)
DA:1,1
DA:4,1
DA:6,1
DA:8,1
DA:9,1
DA:10,0
DA:16,1
DA:17,1
DA:18,0
DA:20,1
DA:26,1
DA:27,1
DA:28,1
DA:29,0
DA:31,1
DA:35,1
DA:36,1
DA:37,1
DA:38,0
DA:40,1
LF:20
LH:16
BRDA:9,0,0,0
BRDA:9,0,1,1
BRDA:9,1,0,1
BRDA:9,1,1,1
BRDA:17,2,0,0
BRDA:17,2,1,1
BRDA:28,3,0,0
BRDA:28,3,1,1
BRDA:37,4,0,0
BRDA:37,4,1,1
BRF:10
BRH:6
end_of_record
TN:
SF:/Users/william/Documents/PROGRAMMING/NODE/mysql_nodejs copy/app/middleware/access.js
FN:4,(anonymous_0)
FN:6,(anonymous_1)
FN:15,(anonymous_2)
FNF:3
FNH:3
FNDA:2,(anonymous_0)
FNDA:2,(anonymous_1)
FNDA:1,(anonymous_2)
DA:1,1
DA:2,1
DA:4,1
DA:5,2
DA:6,2
DA:7,2
DA:8,0
DA:12,2
DA:13,1
DA:15,1
DA:16,1
DA:17,0
DA:22,1
DA:23,1
DA:24,0
DA:25,0
DA:27,0
LF:17
LH:12
BRDA:7,0,0,0
BRDA:7,0,1,2
BRDA:12,1,0,1
BRDA:12,1,1,1
BRDA:16,2,0,0
BRDA:16,2,1,1
BRDA:22,3,0,1
BRDA:22,3,1,0
BRDA:22,4,0,1
BRDA:22,4,1,1
BRDA:24,5,0,0
BRDA:24,5,1,0
BRDA:24,6,0,0
BRDA:24,6,1,0
BRF:14
BRH:7
end_of_record
TN:
SF:/Users/william/Documents/PROGRAMMING/NODE/mysql_nodejs copy/app/model/comment.js
FN:4,(anonymous_0)
FN:14,(anonymous_1)
FN:15,(anonymous_2)
FN:30,(anonymous_3)
FN:31,(anonymous_4)
FN:46,(anonymous_5)
FN:47,(anonymous_6)
FN:60,(anonymous_7)
FN:61,(anonymous_8)
FN:73,(anonymous_9)
FN:74,(anonymous_10)
FN:82,(anonymous_11)
FNF:12
FNH:12
FNDA:1,(anonymous_0)
FNDA:3,(anonymous_1)
FNDA:3,(anonymous_2)
FNDA:3,(anonymous_3)
FNDA:3,(anonymous_4)
FNDA:2,(anonymous_5)
FNDA:2,(anonymous_6)
FNDA:1,(anonymous_7)
FNDA:1,(anonymous_8)
FNDA:2,(anonymous_9)
FNDA:2,(anonymous_10)
FNDA:2,(anonymous_11)
DA:1,1
DA:2,1
DA:4,1
DA:5,1
DA:6,1
DA:14,1
DA:15,3
DA:16,3
DA:18,1
DA:22,2
DA:30,1
DA:31,3
DA:32,3
DA:34,0
DA:38,3
DA:46,1
DA:47,2
DA:48,2
DA:50,0
DA:53,2
DA:60,1
DA:61,1
DA:62,1
DA:63,0
DA:66,1
DA:73,1
DA:74,2
DA:75,2
DA:76,0
DA:79,2
DA:82,2
DA:83,2
DA:84,0
DA:88,2
DA:96,1
LF:35
LH:30
BRDA:16,0,0,1
BRDA:16,0,1,2
BRDA:32,1,0,0
BRDA:32,1,1,3
BRDA:48,2,0,0
BRDA:48,2,1,2
BRDA:62,3,0,0
BRDA:62,3,1,1
BRDA:75,4,0,0
BRDA:75,4,1,2
BRDA:83,5,0,0
BRDA:83,5,1,2
BRF:12
BRH:7
end_of_record
TN:
SF:/Users/william/Documents/PROGRAMMING/NODE/mysql_nodejs copy/app/model/db.js
FN:11,(anonymous_0)
FNF:1
FNH:1
FNDA:1,(anonymous_0)
DA:1,1
DA:3,1
DA:11,1
DA:12,1
DA:13,0
DA:15,1
DA:16,1
DA:20,1
LF:8
LH:7
BRDA:12,0,0,0
BRDA:12,0,1,1
BRF:2
BRH:1
end_of_record
TN:
SF:/Users/william/Documents/PROGRAMMING/NODE/mysql_nodejs copy/app/model/user.js
FN:3,(anonymous_0)
FN:12,(anonymous_1)
FN:13,(anonymous_2)
FN:26,(anonymous_3)
FN:28,(anonymous_4)
FN:39,(anonymous_5)
FN:40,(anonymous_6)
FN:51,(anonymous_7)
FN:52,(anonymous_8)
FNF:9
FNH:9
FNDA:1,(anonymous_0)
FNDA:2,(anonymous_1)
FNDA:2,(anonymous_2)
FNDA:2,(anonymous_3)
FNDA:2,(anonymous_4)
FNDA:1,(anonymous_5)
FNDA:1,(anonymous_6)
FNDA:4,(anonymous_7)
FNDA:4,(anonymous_8)
DA:1,1
DA:3,1
DA:4,1
DA:12,1
DA:13,2
DA:14,2
DA:16,0
DA:20,2
DA:26,1
DA:27,2
DA:28,2
DA:29,2
DA:30,0
DA:33,2
DA:39,1
DA:40,1
DA:41,1
DA:42,0
DA:45,1
DA:51,1
DA:52,4
DA:53,4
DA:54,0
DA:57,4
DA:62,1
LF:25
LH:21
BRDA:14,0,0,0
BRDA:14,0,1,2
BRDA:29,1,0,0
BRDA:29,1,1,2
BRDA:41,2,0,0
BRDA:41,2,1,1
BRDA:53,3,0,0
BRDA:53,3,1,4
BRF:8
BRH:4
end_of_record
TN:
SF:/Users/william/Documents/PROGRAMMING/NODE/mysql_nodejs copy/app/routes/comment.js
FNF:0
FNH:0
DA:1,1
DA:2,1
DA:4,1
DA:5,1
DA:7,1
DA:8,1
DA:9,1
DA:10,1
DA:13,1
LF:9
LH:9
BRF:0
BRH:0
end_of_record
TN:
SF:/Users/william/Documents/PROGRAMMING/NODE/mysql_nodejs copy/app/routes/users.js
FNF:0
FNH:0
DA:1,1
DA:2,1
DA:4,1
DA:6,1
DA:7,1
DA:8,1
DA:10,1
LF:7
LH:7
BRF:0
BRH:0
end_of_record
