TN:
SF:/Users/william/Documents/PROGRAMMING/NODE/mysql_nodejs copy/app.js
FN:10,(anonymous_0)
FNF:1
FNH:1
FNDA:6,(anonymous_0)
DA:1,1
DA:2,1
DA:3,1
DA:7,1
DA:8,1
DA:10,1
DA:11,6
DA:12,6
DA:16,6
DA:20,6
DA:23,1
DA:25,1
DA:26,1
DA:28,1
LF:14
LH:14
BRF:0
BRH:0
end_of_record
TN:
SF:/Users/william/Documents/PROGRAMMING/NODE/mysql_nodejs copy/app/controller/comment.js
FN:4,(anonymous_0)
FN:14,(anonymous_1)
FN:24,(anonymous_2)
FN:26,(anonymous_3)
FN:36,(anonymous_4)
FN:38,(anonymous_5)
FN:47,(anonymous_6)
FN:48,(anonymous_7)
FNF:8
FNH:6
FNDA:1,(anonymous_0)
FNDA:1,(anonymous_1)
FNDA:1,(anonymous_2)
FNDA:1,(anonymous_3)
FNDA:1,(anonymous_4)
FNDA:1,(anonymous_5)
FNDA:0,(anonymous_6)
FNDA:0,(anonymous_7)
DA:1,1
DA:4,1
DA:5,1
DA:8,1
DA:9,0
DA:14,1
DA:15,1
DA:16,0
DA:18,1
DA:24,1
DA:26,1
DA:27,1
DA:28,0
DA:30,1
DA:36,1
DA:38,1
DA:39,1
DA:40,0
DA:42,1
DA:47,1
DA:48,0
DA:49,0
DA:50,0
DA:52,0
LF:24
LH:16
BRDA:8,0,0,0
BRDA:8,0,1,1
BRDA:8,1,0,1
BRDA:8,1,1,1
BRDA:15,2,0,0
BRDA:15,2,1,1
BRDA:27,3,0,0
BRDA:27,3,1,1
BRDA:39,4,0,0
BRDA:39,4,1,1
BRDA:49,5,0,0
BRDA:49,5,1,0
BRF:12
BRH:6
end_of_record
TN:
SF:/Users/william/Documents/PROGRAMMING/NODE/mysql_nodejs copy/app/controller/user.js
FN:4,(anonymous_0)
FN:14,(anonymous_1)
FN:24,(anonymous_2)
FN:25,(anonymous_3)
FN:33,(anonymous_4)
FN:34,(anonymous_5)
FNF:6
FNH:6
FNDA:1,(anonymous_0)
FNDA:1,(anonymous_1)
FNDA:1,(anonymous_2)
FNDA:1,(anonymous_3)
FNDA:1,(anonymous_4)
FNDA:1,(anonymous_5)
DA:1,1
DA:4,1
DA:5,1
DA:8,1
DA:9,0
DA:14,1
DA:15,1
DA:16,0
DA:18,1
DA:24,1
DA:25,1
DA:26,1
DA:27,0
DA:29,1
DA:33,1
DA:34,1
DA:35,1
DA:36,0
DA:38,1
LF:19
LH:15
BRDA:8,0,0,0
BRDA:8,0,1,1
BRDA:8,1,0,1
BRDA:8,1,1,1
BRDA:15,2,0,0
BRDA:15,2,1,1
BRDA:26,3,0,0
BRDA:26,3,1,1
BRDA:35,4,0,0
BRDA:35,4,1,1
BRF:10
BRH:6
end_of_record
TN:
SF:/Users/william/Documents/PROGRAMMING/NODE/mysql_nodejs copy/app/middleware/access.js
FN:4,(anonymous_0)
FN:6,(anonymous_1)
FN:15,(anonymous_2)
FNF:3
FNH:3
FNDA:1,(anonymous_0)
FNDA:1,(anonymous_1)
FNDA:1,(anonymous_2)
DA:1,1
DA:2,1
DA:4,1
DA:5,1
DA:6,1
DA:7,1
DA:8,0
DA:12,1
DA:13,0
DA:15,1
DA:16,1
DA:17,0
DA:22,1
DA:23,1
DA:24,0
DA:25,0
DA:27,0
LF:17
LH:11
BRDA:7,0,0,0
BRDA:7,0,1,1
BRDA:12,1,0,0
BRDA:12,1,1,1
BRDA:16,2,0,0
BRDA:16,2,1,1
BRDA:22,3,0,1
BRDA:22,3,1,0
BRDA:22,4,0,1
BRDA:22,4,1,1
BRDA:24,5,0,0
BRDA:24,5,1,0
BRDA:24,6,0,0
BRDA:24,6,1,0
BRF:14
BRH:6
end_of_record
TN:
SF:/Users/william/Documents/PROGRAMMING/NODE/mysql_nodejs copy/app/model/comment.js
FN:4,(anonymous_0)
FN:13,(anonymous_1)
FN:14,(anonymous_2)
FN:26,(anonymous_3)
FN:30,(anonymous_4)
FN:43,(anonymous_5)
FN:47,(anonymous_6)
FN:59,(anonymous_7)
FN:60,(anonymous_8)
FN:70,(anonymous_9)
FN:71,(anonymous_10)
FN:78,(anonymous_11)
FNF:12
FNH:10
FNDA:1,(anonymous_0)
FNDA:2,(anonymous_1)
FNDA:2,(anonymous_2)
FNDA:3,(anonymous_3)
FNDA:3,(anonymous_4)
FNDA:2,(anonymous_5)
FNDA:2,(anonymous_6)
FNDA:0,(anonymous_7)
FNDA:0,(anonymous_8)
FNDA:1,(anonymous_9)
FNDA:1,(anonymous_10)
FNDA:1,(anonymous_11)
DA:1,1
DA:2,1
DA:4,1
DA:5,1
DA:6,1
DA:13,1
DA:14,2
DA:15,2
DA:17,0
DA:20,2
DA:26,1
DA:27,3
DA:31,3
DA:33,0
DA:36,3
DA:43,1
DA:44,2
DA:48,2
DA:50,0
DA:52,2
DA:59,1
DA:60,0
DA:61,0
DA:62,0
DA:64,0
DA:70,1
DA:71,1
DA:72,1
DA:73,0
DA:75,1
DA:78,1
DA:79,1
DA:80,0
DA:83,1
DA:90,1
LF:35
LH:26
BRDA:15,0,0,0
BRDA:15,0,1,2
BRDA:31,1,0,0
BRDA:31,1,1,3
BRDA:48,2,0,0
BRDA:48,2,1,2
BRDA:61,3,0,0
BRDA:61,3,1,0
BRDA:72,4,0,0
BRDA:72,4,1,1
BRDA:79,5,0,0
BRDA:79,5,1,1
BRF:12
BRH:5
end_of_record
TN:
SF:/Users/william/Documents/PROGRAMMING/NODE/mysql_nodejs copy/app/model/db.js
FN:16,(anonymous_0)
FN:27,(anonymous_1)
FNF:2
FNH:2
FNDA:1,(anonymous_0)
FNDA:1,(anonymous_1)
DA:1,1
DA:3,1
DA:9,1
DA:16,1
DA:17,1
DA:18,1
DA:20,0
DA:27,1
DA:28,1
DA:29,0
DA:31,1
DA:32,1
DA:37,1
LF:13
LH:11
BRDA:17,0,0,1
BRDA:17,0,1,0
BRDA:28,1,0,0
BRDA:28,1,1,1
BRF:4
BRH:2
end_of_record
TN:
SF:/Users/william/Documents/PROGRAMMING/NODE/mysql_nodejs copy/app/model/user.js
FN:3,(anonymous_0)
FN:8,(anonymous_1)
FN:9,(anonymous_2)
FN:21,(anonymous_3)
FN:26,(anonymous_4)
FN:38,(anonymous_5)
FN:39,(anonymous_6)
FN:50,(anonymous_7)
FN:51,(anonymous_8)
FNF:9
FNH:9
FNDA:1,(anonymous_0)
FNDA:2,(anonymous_1)
FNDA:2,(anonymous_2)
FNDA:2,(anonymous_3)
FNDA:2,(anonymous_4)
FNDA:1,(anonymous_5)
FNDA:1,(anonymous_6)
FNDA:3,(anonymous_7)
FNDA:3,(anonymous_8)
DA:1,1
DA:3,1
DA:4,1
DA:8,1
DA:9,2
DA:10,2
DA:12,0
DA:15,2
DA:21,1
DA:22,2
DA:23,2
DA:27,2
DA:28,0
DA:29,0
DA:31,2
DA:38,1
DA:39,1
DA:40,1
DA:41,0
DA:44,1
DA:50,1
DA:51,3
DA:52,3
DA:53,0
DA:56,3
DA:61,1
LF:26
LH:21
BRDA:10,0,0,0
BRDA:10,0,1,2
BRDA:27,1,0,0
BRDA:27,1,1,2
BRDA:40,2,0,0
BRDA:40,2,1,1
BRDA:52,3,0,0
BRDA:52,3,1,3
BRF:8
BRH:4
end_of_record
TN:
SF:/Users/william/Documents/PROGRAMMING/NODE/mysql_nodejs copy/app/routes/comment.js
FNF:0
FNH:0
DA:1,1
DA:2,1
DA:4,1
DA:5,1
DA:7,1
DA:8,1
DA:9,1
DA:10,1
DA:12,1
LF:9
LH:9
BRF:0
BRH:0
end_of_record
TN:
SF:/Users/william/Documents/PROGRAMMING/NODE/mysql_nodejs copy/app/routes/users.js
FNF:0
FNH:0
DA:1,1
DA:2,1
DA:4,1
DA:6,1
DA:7,1
DA:8,1
DA:10,1
LF:7
LH:7
BRF:0
BRH:0
end_of_record
